[web/17701_main+(bookmap)_0000056628.html]
[web/561d5f9ae4b0c5c41a2447fa.html]
[web/561d5f9ae4b0c5c41a2447fd.html]
[web/17702_main+(bookmap)_0000048841.html]
[web/17703_main+(bookmap)_0000060130.html]
[web/561d5f9ae4b0c5c41a244800.html]
[web/561d5f9ae4b0c5c41a244803.html]
[web/17704_main+(bookmap)_0000041932.html]
[web/17705_main+(bookmap)_0000054913.html]
[web/561d5f9ae4b0c5c41a24480c.html]
[web/17706_main+(bookmap)_0000059343.html]
[web/17707_main+(bookmap)_0000054602.html]
[web/561d5f9ae4b0c5c41a24480f.html]
[web/17708_main+(bookmap)_0000055153.html]
[web/561d5f9ae4b0c5c41a244812.html]
[web/17709_main+(bookmap)_0000061751.html]
[web/17710_main+(bookmap)_0000060965.html]
[web/17711_main+(bookmap)_0000065704.html]
[web/561d5f9ae4b0c5c41a244815.html]
[web/561d5f9ae4b0c5c41a244818.html]
[web/17712_main+(bookmap)_0000056938.html]
[web/17713_main+(bookmap)_0000055871.html]
[web/561d5f9ae4b0c5c41a24481b.html]
[web/17714_main+(bookmap)_0000061044.html]
[web/561d5f9ae4b0c5c41a244806.html]
[web/images/17715_main+(bookmap)_0000056082.xml]
[web/561d5f9ae4b0c5c41a244809.html]
[web/17716_main+(bookmap)_0000062583.html]
[web/561d5f9ae4b0c5c41a24481e.html]
[web/images/17717_main+(bookmap)_0000055870.xml]
[web/561d5f9ae4b0c5c41a244821.html]
[web/17718_main+(bookmap)_0000058904.html]
[web/17719_main+(bookmap)_0000052086.html]
[web/561d5f9ae4b0c5c41a244824.html]
[web/17720_main+(bookmap)_0000064574.html]
[web/561d5f9ae4b0c5c41a244827.html]
[web/17721_main+(bookmap)_0000065094.html]
[web/17722_main+(bookmap)_0000062893.html]
[web/561d5f9ae4b0c5c41a24482a.html]
[web/17723_main+(bookmap)_0000064354.html]
[web/561d5f9ae4b0c5c41a244830.html]
[web/17724_main+(bookmap)_0000063623.html]
[web/561d5f9ae4b0c5c41a24482d.html]
[web/17725_main+(bookmap)_0000056022.html]
[web/17726_main+(bookmap)_0000049666.html]
[web/561d5f9ae4b0c5c41a244833.html]
[web/561d5f9ae4b0c5c41a244841.html]
[web/17727_main+(bookmap)_0000053412.html]
[web/17728_main+(bookmap)_0000064454.html]
[web/561d5f9ae4b0c5c41a244844.html]
[web/561d5f9ae4b0c5c41a244847.html]
[backblue.gif]
[fade.gif]
[index.html]
[web/561d5f9ae4b0c5c41a2447fa.html]
[web/561d5f9ae4b0c5c41a24484a.html]
[web/561d5f9ae4b0c5c41a2447fd.html]
[web/561d5f9ae4b0c5c41a24484d.html]
[web/561d5f9ae4b0c5c41a244850.html]
[web/561d5f9ae4b0c5c41a244800.html]
[web/561d5f9ae4b0c5c41a244803.html]
[web/561d5f9ae4b0c5c41a244853.html]
[web/561d5f9ae4b0c5c41a24480c.html]
[web/561d5f9ae4b0c5c41a244856.html]
[web/digest177.html]
[web/561d5f9ae4b0c5c41a24480f.html]
[web/digest177_supplement.html]
[web/561d5f9ae4b0c5c41a244812.html]
[web/561d5f9ae4b0c5c41a244815.html]
[web/_17701002_64045.html]
[web/_17701004_50129.html]
[web/561d5f9ae4b0c5c41a244818.html]
[web/_17701005_54243.html]
[web/561d5f9ae4b0c5c41a24481b.html]
[web/_17701006_13980.html]
[web/561d5f9ae4b0c5c41a244806.html]
[web/_17701007_44298.html]
[web/_17701027_54243.html]
[web/561d5f9ae4b0c5c41a244809.html]
[web/561d5f9ae4b0c5c41a24481e.html]
[web/_17701008_52036.html]
[web/_17701010_24856.html]
[web/_17701011_56950.html]
[web/561d5f9ae4b0c5c41a244821.html]
[web/_17701009_18356.html]
[web/561d5f9ae4b0c5c41a244824.html]
[web/_17701013_72833.html]
[web/_17701014_78898.html]
[web/561d5f9ae4b0c5c41a244827.html]
[web/_17701015_58738.html]
[web/561d5f9ae4b0c5c41a24482a.html]
[web/_17701016_75665.html]
[web/fieldinstalledmainskits.html]
[web/_17701017_71964.html]
[web/_17701018_49919.html]
[web/561d5f9ae4b0c5c41a24482d.html]
[web/_17701019_18781.html]
[web/561d5f9ae4b0c5c41a244830.html]
[web/_17701020_90185.html]
[web/561d5f9ae4b0c5c41a244833.html]
[web/_17701021_128720.html]
[web/561d5f9ae4b0c5c41a244841.html]
[web/_17701022_53576.html]
[web/561d5f9ae4b0c5c41a244844.html]
[web/561d5f9ae4b0c5c41a244847.html]
[web/dimensions-1efdab40.html]
[web/_17701023_heading2_3.html]
[web/rainproofmetermainsandall-in-ones12-7f579a37.html]
[web/_17701024_90185.html]
[web/561d5f9ae4b0c5c41a24484a.html]
[web/561d5f9ae4b0c5c41a24484d.html]
[web/561d5f9ae4b0c5c41a244850.html]
[web/_17701025_heading2_2.html]
[web/561d5f9ae4b0c5c41a244853.html]
[web/_17702002_69760.html]
[web/_17701026_heading2_2.html]
[web/_17702003_38287.html]
[web/_17702004_87133.html]
[web/561d5f9ae4b0c5c41a244856.html]
[web/digest177.html]
[web/_17702008_19892.html]
[web/_17702005_86416.html]
[web/_17702009_heading1_2.html]
[web/digest177_supplement.html]
[web/_17702010_84314.html]
[web/_17701002_64045.html]
[web/_17702012_56365.html]
[web/_17702013_39848.html]
[web/_17701004_50129.html]
[web/_17702011_heading2_2.html]
[web/_17702014_44530.html]
[web/_17702015_heading2_2.html]
[web/_17702016_heading1_2.html]
[web/concept-1-195e2bf4.html]
[web/_17701005_54243.html]
[web/_17701006_13980.html]
[web/generaldutyupto100kashortcircuitcur-80671d9e.html]
[web/_17701027_54243.html]
[web/accessoriesandlugdata-7fcf462b.html]
[web/_17701007_44298.html]
[web/dimensionsforgeneraldutysafetyswitc-7f6fb763.html]
[web/_17701008_52036.html]
[web/_17701009_18356.html]
[web/_17703004_71972.html]
[web/_17703005_heading2_2.html]
[web/_17701010_24856.html]
[web/ullistedmaximumshortcircuitcurrentr-8071bf65.html]
[web/voltsinglethrownon-fusibleswitches-8067eb1d.html]
[web/_17701011_56950.html]
[web/_17701013_72833.html]
[web/_17701014_78898.html]
[web/_17703007_16022.html]
[web/_17701015_58738.html]
[web/_17703009_heading2_2.html]
[web/_17703012_heading2_2.html]
[web/_17701016_75665.html]
[web/_17703013_heading2_2.html]
[web/_17703015_heading2_2.html]
[web/fieldinstalledmainskits.html]
[web/_17703016_19770.html]
[web/_17701017_71964.html]
[web/_17703017_heading2_2.html]
[web/_17701018_49919.html]
[web/_17701019_18781.html]
[web/_17703019_heading2_2.html]
[web/terminallugdata-806af2da.html]
[web/_17703018_heading2_2.html]
[web/_17701020_90185.html]
[web/_17703020_heading2_2.html]
[web/_17701021_128720.html]
[web/_17703022_83133.html]
[web/_17701022_53576.html]
[web/introduction-00bebf77.html]
[web/powermonitoringsoftware-fb996893.html]
[web/_17701023_heading2_3.html]
[web/dimensions-1efdab40.html]
[web/metering-00bf619f.html]
[web/_17701024_90185.html]
[web/powerandenergymeters-6ce622fb.html]
[web/rainproofmetermainsandall-in-ones12-7f579a37.html]
[web/communications-144492ff.html]
[web/_17701025_heading2_2.html]
[web/engineeringservices-023c13d1.html]
[web/_17701026_heading2_2.html]
[web/supportservices-6b629755.html]
[web/integrationandequipment-6b623548.html]
[web/_17702002_69760.html]
[web/_17702003_38287.html]
[web/_17704023_66350.html]
[web/_17702004_87133.html]
[web/vamp221-fd2d1296.html]
[web/_17702005_86416.html]
[web/concept-1-fb8080e110.html]
[web/_17702008_19892.html]
[web/_17704033_heading2_3.html]
[web/_17702009_heading1_2.html]
[web/pfv-72273102.html]
[web/currenttransformers-722765b3.html]
[web/_17704035_56864.html]
[web/_17702010_84314.html]
[web/_17702011_heading2_2.html]
[web/_17702012_56365.html]
[web/_17707002_10885.html]
[web/_17702013_39848.html]
[web/_17702014_44530.html]
[web/_17707004_10625.html]
[web/_17707007_72733.html]
[web/_17702015_heading2_2.html]
[web/_17707008_10625.html]
[web/qoplug-oncircuitbreakerscpt_0000056456.html]
[web/accessoriescpt_0000056471.html]
[web/_17707013_75589.html]
[web/_17702016_heading1_2.html]
[web/_17707014_19606.html]
[web/_17707015_42201.html]
[web/concept-1-195e2bf4.html]
[web/generaldutyupto100kashortcircuitcur-80671d9e.html]
[web/section1info-6ac9bee0.html]
[web/accessoriesandlugdata-7fcf462b.html]
[web/_17707016_74423.html]
[web/_17707017_81243.html]
[web/_17707018_69659.html]
[web/dimensionsforgeneraldutysafetyswitc-7f6fb763.html]
[web/_17707020_40540.html]
[web/_17703004_71972.html]
[web/_17707019_97251.html]
[web/_17703005_heading2_2.html]
[web/_17707021_83351.html]
[web/voltsinglethrownon-fusibleswitches-8067eb1d.html]
[web/b-framecircuitbreakers-4944238a.html]
[web/ullistedmaximumshortcircuitcurrentr-8071bf65.html]
[web/_17703007_16022.html]
[web/_17707024_27094.html]
[web/_17707025_73276.html]
[web/_17707022_49257.html]
[web/_17703009_heading2_2.html]
[web/_17703012_heading2_2.html]
[web/_17707026_74529.html]
[web/_17707027_50988.html]
[web/_17707028_21839.html]
[web/_17707029_29263.html]
[web/_17707030_32396.html]
[web/_17703013_heading2_2.html]
[web/instantaneoustripinfo-80754c3d.html]
[web/_17703015_heading2_2.html]
[web/_17707031_42426.html]
[web/_17703016_19770.html]
[web/_17703017_heading2_2.html]
[web/_17707032_86699.html]
[web/_17703018_heading2_2.html]
[web/_17703019_heading2_2.html]
[web/_17707033_74270.html]
[web/terminallugdata-806af2da.html]
[web/powerpactswitches-19e2992c.html]
[web/_17707036_99616.html]
[web/_17707035_99616.html]
[web/_17703020_heading2_2.html]
[web/_17707059_78128.html]
[web/_17707060_93052.html]
[web/_17707061_78128.html]
[web/_17703022_83133.html]
[web/_17707062_97129.html]
[web/introduction-00bebf77.html]
[web/_17707037_78128.html]
[web/powermonitoringsoftware-fb996893.html]
[web/_17707039_61037.html]
[web/metering-00bf619f.html]
[web/powerandenergymeters-6ce622fb.html]
[web/_17707040_61994.html]
[web/communications-144492ff.html]
[web/_17707041_23979.html]
[web/_17707042_30026.html]
[web/engineeringservices-023c13d1.html]
[web/integrationandequipment-6b623548.html]
[web/_17707045_91226.html]
[web/_17707044_63728.html]
[web/_17707043_13194.html]
[web/supportservices-6b629755.html]
[web/_17707044_637282.html]
[web/_17704023_66350.html]
[web/vamp221-fd2d1296.html]
[web/_17707048_97201.html]
[web/powerpactp-andr-frametripunits-187c8db2.html]
[web/_17707050_90102.html]
[web/concept-1-fb8080e110.html]
[web/_17704033_heading2_3.html]
[web/_17707053_62825.html]
[web/_17707052_67550.html]
[web/pfv-72273102.html]
[web/_17707055_70738.html]
[web/_17707054_72450.html]
[web/currenttransformers-722765b3.html]
[web/_17707056_16754.html]
[web/_17707058_96259.html]
[web/selectionguide-17df82c8.html]
[web/_17704035_56864.html]
[web/_17708003_48530.html]
[web/_17708006_38405.html]
[web/_17708007_23378.html]
[web/_17707002_10885.html]
[web/_17708010_28536.html]
[web/_17708008_72466.html]
[web/_17708011_47125.html]
[web/_17708015_32735.html]
[web/_17708016_75650.html]
[web/_17707004_10625.html]
[web/_17707007_72733.html]
[web/_17708017_10152.html]
[web/_17708024_16335.html]
[web/_17708021_53351.html]
[web/_17707008_10625.html]
[web/_17708019_88638.html]
[web/_17708026_41322.html]
[web/qoplug-oncircuitbreakerscpt_0000056456.html]
[web/_17708025_74346.html]
[web/_17708027_24996.html]
[web/_17708028_40267.html]
[web/accessoriescpt_0000056471.html]
[web/_17707013_75589.html]
[web/_17707014_19606.html]
[web/_17709003_24002.html]
[web/_17709002_122479.html]
[web/_17709004_88687.html]
[web/_17707015_42201.html]
[web/_17709006_76702.html]
[web/section1info-6ac9bee0.html]
[web/_17709007_97336.html]
[web/_17707016_74423.html]
[web/_17709009_19244.html]
[web/_17707017_81243.html]
[web/_17709011_89312.html]
[web/_17709010_47025.html]
[web/_17707018_69659.html]
[web/_17707019_97251.html]
[web/_17709012_34770.html]
[web/_17707020_40540.html]
[web/_17709013_105567.html]
[web/_17707021_83351.html]
[web/_17709014_78349.html]
[web/b-framecircuitbreakers-4944238a.html]
[web/_17709015_100436.html]
[web/_17709016_34452.html]
[web/_17709017_82136.html]
[web/_17709018_97307.html]
[web/_17709018_97295.html]
[web/_17707022_49257.html]
[web/_17705027_heading2_3.html]
[web/_17707024_27094.html]
[web/_17705023_10348.html]
[web/_17707025_73276.html]
[web/_17707026_74529.html]
[web/_17709023_87999.html]
[web/_17709024_heading5_185.html]
[web/_17709021_74198.html]
[web/_17707027_50988.html]
[web/powerpactb-frame-8e425f52.html]
[web/_17707028_21839.html]
[web/_17709025_44803.html]
[web/_17707029_29263.html]
[web/_17709026_85758.html]
[web/_17707030_32396.html]
[web/_17709027_44944.html]
[web/instantaneoustripinfo-80754c3d.html]
[web/_17709028_68466.html]
[web/_17707031_42426.html]
[web/_17709029_74223.html]
[web/_17707032_86699.html]
[web/_17709030_90756.html]
[web/_17709031_45712.html]
[web/_17707033_74270.html]
[web/_17709037_84114.html]
[web/vac250vdc-3f82f6ce.html]
[web/_17709038.html]
[web/powerpactswitches-19e2992c.html]
[web/_17707035_99616.html]
[web/_17709039_24002.html]
[web/_17709040_24002.html]
[web/_17707036_99616.html]
[web/_17707059_78128.html]
[web/_17709044_110246.html]
[web/_17707060_93052.html]
[web/_17710003_93200.html]
[web/_17710002_heading2_2.html]
[web/_17707061_78128.html]
[web/_17710004_95320.html]
[web/_17707062_97129.html]
[web/_17711002_57266.html]
[web/_17707037_78128.html]
[web/_17711003_57266.html]
[web/_17707039_61037.html]
[web/qed-6cmm-02d3c6e1.html]
[web/_17707040_61994.html]
[web/_17711004_heading2_2.html]
[web/_17707041_23979.html]
[web/_17711005_57266.html]
[web/_17707042_30026.html]
[web/_17711006_57266.html]
[web/_17707043_13194.html]
[web/_17711007_57266.html]
[web/_17707044_63728.html]
[web/_17711008_61849.html]
[web/_17707045_91226.html]
[web/_17711008_618492.html]
[web/_17707044_637282.html]
[web/_17711015_70976.html]
[web/powerpactp-andr-frametripunits-187c8db2.html]
[web/_17711011_64930.html]
[web/_17711015_709762.html]
[web/_17711015_709763.html]
[web/_17707048_97201.html]
[web/_17707050_90102.html]
[web/_17711016_68437.html]
[web/_17707052_67550.html]
[web/arcresistantswitchgear-1f2392d8.html]
[web/_17711017_70119.html]
[web/_17711018_61549.html]
[web/_17707053_62825.html]
[web/_17707054_72450.html]
[web/_17707055_70738.html]
[web/_17711019_694572.html]
[web/_17707056_16754.html]
[web/_17707058_96259.html]
[web/_17711019_69457.html]
[web/_17711020_775352.html]
[web/_17711020_77535.html]
[web/selectionguide-17df82c8.html]
[web/_17712002_heading2_2.html]
[web/_17708003_48530.html]
[web/_17712001_heading2_96.html]
[web/_17708006_38405.html]
[web/_17712003_69552.html]
[web/_17712004_73112.html]
[web/_17708007_23378.html]
[web/_17708008_72466.html]
[web/_17712006_74886.html]
[web/_17712005_89282.html]
[web/_17708010_28536.html]
[web/_17708011_47125.html]
[web/_17712008_83374.html]
[web/_17712009_38392.html]
[web/_17712010_89282.html]
[web/_17708015_32735.html]
[web/_17708016_75650.html]
[web/_17712011_84016.html]
[web/_17708017_10152.html]
[web/_17712013_powerpacttm_p-frame_plug-in_units.html]
[web/_17712012_84016.html]
[web/_17712014_r-frame_circuit_breakers.html]
[web/_17708019_88638.html]
[web/_17712015_75577.html]
[web/_17729002_1000061.html]
[web/_17708021_53351.html]
[web/_17729007_999987.html]
[web/_17708024_16335.html]
[web/overview-194d264b.html]
[web/_17729009_heading3_3.html]
[web/_17708025_74346.html]
[web/_17708026_41322.html]
[web/externalmodularassemblyemaspds-194d47ed.html]
[web/_17708027_24996.html]
[web/externalbrickassemblyebaspds-194e3254.html]
[web/replacementmodules-194e539d.html]
[web/internallymountedspdsoverview-194ea14f.html]
[web/_17708028_40267.html]
[web/internallymountednewconstructionfac-194f418c.html]
[web/_17709002_122479.html]
[web/_17709003_24002.html]
[web/internallymountedspdsretrofitreadyt-66b9b323.html]
[web/xrsurgeprotectivedevices-1950da3d.html]
[web/_17709004_88687.html]
[web/mountingbracketsandflushmountkits-195151f9.html]
[web/hwaspds-1950a9e3.html]
[web/_17709006_76702.html]
[web/sdsa1175andsdsa3650spds-1951a79c.html]
[web/_17709007_97336.html]
[web/wholehousespds-195200e4.html]
[web/qotmnqandhomelinetmspds-1952fd02.html]
[web/_17709009_19244.html]
[web/_17709010_47025.html]
[web/_17713004_heading2_2.html]
[web/_17713006_82631.html]
[web/_17709011_89312.html]
[web/_17713002_heading2_7.html]
[web/_17714002_50673.html]
[web/_17709012_34770.html]
[web/newenergyefficientthreephase-70ebbc64.html]
[web/_17709013_105567.html]
[web/energyefficientsinglephaseandsingle-70ee2de3.html]
[web/_17709014_78349.html]
[web/accessories-70eed082.html]
[web/minipower-zoneunitsubstation-70ef03a1.html]
[web/_17709015_100436.html]
[web/_17709016_34452.html]
[web/_17709017_82136.html]
[web/resinencapsulatedthreeandsinglephas-70fa0ddc.html]
[web/_17709018_97307.html]
[web/_17714012_70169.html]
[web/_17714018_49982.html]
[web/resinencapsulatedexportmodelandbuck-70f2ddf2.html]
[web/_17714014_heading2_2.html]
[web/_17714019_86891.html]
[web/_17709018_97295.html]
[web/_17705023_10348.html]
[web/_17714020_70772.html]
[web/_17615004_70710.html]
[web/_17615004_707102.html]
[web/_17705027_heading2_3.html]
[web/_17615002_isolated_power_panels.html]
[web/_17709021_74198.html]
[web/_17709023_87999.html]
[web/_17615006_accessories.html]
[web/_17615005_693482.html]
[web/nemaanddefinitepurposecontactorsand-024375ee.html]
[web/_17716004_67228.html]
[web/_17709024_heading5_185.html]
[web/powerpactb-frame-8e425f52.html]
[web/_17716005_67282.html]
[web/_17716006_65825.html]
[web/_17709025_44803.html]
[web/_17709026_85758.html]
[web/_17709027_44944.html]
[web/_17716007_65665.html]
[web/_17709028_68466.html]
[web/_17716011_19306.html]
[web/_17716008_70597.html]
[web/_17716012_43621.html]
[web/_17709029_74223.html]
[web/_17716139_58351.html]
[web/_17709030_90756.html]
[web/_17716152_57172.html]
[web/_17709031_45712.html]
[web/contactorsandstarters-f36c4c99.html]
[web/_17716141_77310.html]
[web/vac250vdc-3f82f6ce.html]
[web/contactorsandstarters-f36c6601.html]
[web/_17709037_84114.html]
[web/tesysncontactorsandstarters-f36c7c34.html]
[web/_17709038.html]
[web/_17716145_heading1_2.html]
[web/_17709039_24002.html]
[web/_17709040_24002.html]
[web/replacementparts-6ccbe6c9.html]
[web/_17716013_66028.html]
[web/_17709044_110246.html]
[web/_17716147_heading1_2.html]
[web/_17710002_heading2_2.html]
[web/_17716015_heading2_2.html]
[web/_17710003_93200.html]
[web/_17716018_heading2_2.html]
[web/_17716023_heading2_2.html]
[web/_17710004_95320.html]
[web/_17716024_heading2_2.html]
[web/_17711002_57266.html]
[web/_17716028_62322.html]
[web/_17711003_57266.html]
[web/_17716029_63936.html]
[web/_17716030_64803.html]
[web/qed-6cmm-02d3c6e1.html]
[web/_17711004_heading2_2.html]
[web/_17716044_45096.html]
[web/_17711005_57266.html]
[web/_17716046_17116.html]
[web/_17716048_heading2_2.html]
[web/_17716031_55852.html]
[web/_17716050_heading2_2.html]
[web/_17711006_57266.html]
[web/_17716051_heading2_2.html]
[web/_17716059_heading2_2.html]
[web/_17711007_57266.html]
[web/multipolelightingcontactorstypes-4016184d.html]
[web/_17716057_heading2_2.html]
[web/_17711008_61849.html]
[web/_17716061_71274.html]
[web/_17716062_66640.html]
[web/_17711008_618492.html]
[web/_17716063_69132.html]
[web/_17716064_66312.html]
[web/_17716070_65172.html]
[web/_17711011_64930.html]
[web/_17716066_heading2_2.html]
[web/_17716074_64443.html]
[web/_17711015_70976.html]
[web/_17716075_63377.html]
[web/_17716076_62202.html]
[web/_17716077_heading2_2.html]
[web/_17711015_709762.html]
[web/_17711015_709763.html]
[web/_17716078_heading2_2.html]
[web/_17711016_68437.html]
[web/_17716081_62909.html]
[web/arcresistantswitchgear-1f2392d8.html]
[web/_17716082_62135.html]
[web/_17711017_70119.html]
[web/_17711018_61549.html]
[web/_17716083_63809.html]
[web/_17716084_70948.html]
[web/_17711019_69457.html]
[web/_17716089_63652.html]
[web/_17716092_21265.html]
[web/_17711019_694572.html]
[web/_17716093_64025.html]
[web/_17711020_77535.html]
[web/_17716094_66951.html]
[web/_17716096_89110.html]
[web/_17716095_15875.html]
[web/_17716101_heading2_2.html]
[web/_17711020_775352.html]
[web/_17712001_heading2_96.html]
[web/_17716106_heading2_2.html]
[web/_17716107_heading2_2.html]
[web/_17712002_heading2_2.html]
[web/_17716108_61925.html]
[web/_17716103_41987.html]
[web/_17712003_69552.html]
[web/_17712004_73112.html]
[web/_17716109_heading2_2.html]
[web/_17716111_15171.html]
[web/_17716110_43072.html]
[web/_17712005_89282.html]
[web/_17712006_74886.html]
[web/_17716112_heading2_2.html]
[web/_17716113_heading2_2.html]
[web/_17712008_83374.html]
[web/_17716115_70725.html]
[web/_17716114_61470.html]
[web/_17717001_heading2_37.html]
[web/_17712009_38392.html]
[web/_17716116_heading2_2.html]
[web/_17712010_89282.html]
[web/_17717006_68988.html]
[web/_17717002_66613.html]
[web/_17718026_58496.html]
[web/_17717003_69192.html]
[web/_17718027_60720.html]
[web/_17712011_84016.html]
[web/_17718003_79390.html]
[web/_17718002_72792.html]
[web/_17712012_84016.html]
[web/_17718011_33004.html]
[web/_17718008_72604.html]
[web/_17718009_66748.html]
[web/_17712013_powerpacttm_p-frame_plug-in_units.html]
[web/_17718010_80900.html]
[web/_17718014_58496.html]
[web/_17712014_r-frame_circuit_breakers.html]
[web/_17712015_75577.html]
[web/_17729002_1000061.html]
[web/_17718015_58496.html]
[web/_17729007_999987.html]
[web/_17718012_13016.html]
[web/_17718016_28044.html]
[web/_17718028_43621.html]
[web/_17729009_heading3_3.html]
[web/_17718033_82397.html]
[web/_17718057_heading2_5.html]
[web/overview-194d264b.html]
[web/externalmodularassemblyemaspds-194d47ed.html]
[web/_17718037_58496.html]
[web/replacementmodules-194e539d.html]
[web/_17718034_58351.html]
[web/_17718035_58351.html]
[web/externalbrickassemblyebaspds-194e3254.html]
[web/internallymountedspdsoverview-194ea14f.html]
[web/_17718022_58351.html]
[web/_17718021_58496.html]
[web/_17718023_58496.html]
[web/_17718036_70194.html]
[web/internallymountednewconstructionfac-194f418c.html]
[web/_17718032_53039.html]
[web/internallymountedspdsretrofitreadyt-66b9b323.html]
[web/hwaspds-1950a9e3.html]
[web/_17718018_71442.html]
[web/tesysfaccoils-7de8b563.html]
[web/xrsurgeprotectivedevices-1950da3d.html]
[web/_17718019_13642.html]
[web/tesysfdccoils-7de84caf.html]
[web/mountingbracketsandflushmountkits-195151f9.html]
[web/_17718013_95367.html]
[web/_17718038_58496.html]
[web/sdsa1175andsdsa3650spds-1951a79c.html]
[web/_17718039_58351.html]
[web/wholehousespds-195200e4.html]
[web/qotmnqandhomelinetmspds-1952fd02.html]
[web/_17718040_58351.html]
[web/_17718041_18103.html]
[web/_17718042_58351.html]
[web/_17718044_58496.html]
[web/_17713002_heading2_7.html]
[web/_17713004_heading2_2.html]
[web/_17718046_58496.html]
[web/_17713006_82631.html]
[web/tesysdoverloadrelays-7dff8518.html]
[web/_17714002_50673.html]
[web/_17718047_58351.html]
[web/_17718048_70708.html]
[web/_17718049_66390.html]
[web/newenergyefficientthreephase-70ebbc64.html]
[web/energyefficientsinglephaseandsingle-70ee2de3.html]
[web/_17718050_58496.html]
[web/accessories-70eed082.html]
[web/_17718051_58496.html]
[web/minipower-zoneunitsubstation-70ef03a1.html]
[web/_17718052_70542.html]
[web/resinencapsulatedthreeandsinglephas-70fa0ddc.html]
[web/_17718054_58496.html]
[web/resinencapsulatedexportmodelandbuck-70f2ddf2.html]
[web/_17719002_1006413.html]
[web/_17714012_70169.html]
[web/_17719004_52271.html]
[web/_17719005_58823.html]
[web/_17719006_48643.html]
[web/xb4-xb5commonoperatorscompletewithcontactblockscpt_0000051349.html]
[web/typekskcommonoperatorscompletewithcontactblockscpt_0000051396.html]
[web/_17714014_heading2_2.html]
[web/_17719010_63676.html]
[web/_17714018_49982.html]
[web/_17719011_41179.html]
[web/_17714019_86891.html]
[web/xb6completedevices-0569efcd.html]
[web/_17714020_70772.html]
[web/_17615004_70710.html]
[web/_17719015_20326.html]
[web/_17719016_35353.html]
[web/_17719018_89996.html]
[web/_17719017_89985.html]
[web/_17615004_707102.html]
[web/_17615002_isolated_power_panels.html]
[web/xb6e-33c80036.html]
[web/_17615006_accessories.html]
[web/_17719026_89974.html]
[web/_17719020_32867.html]
[web/_17719023_77768.html]
[web/_17719019_36575.html]
[web/_17615005_693482.html]
[web/_17719028_89996.html]
[web/nemaanddefinitepurposecontactorsand-024375ee.html]
[web/_17719029_90010.html]
[web/_17716004_67228.html]
[web/_17719030_90021.html]
[web/_17716005_67282.html]
[web/_17719031_96001.html]
[web/_17719032_70500.html]
[web/_17716006_65825.html]
[web/_17719037_64066.html]
[web/_17719034_55332.html]
[web/_17716007_65665.html]
[web/xb4legendinserts-4cee7d46.html]
[web/_17719039_59821.html]
[web/_17716008_70597.html]
[web/_17719042_51082.html]
[web/_17716011_19306.html]
[web/_17719045_77052.html]
[web/_17719048_55332.html]
[web/_17716012_43621.html]
[web/_17716139_58351.html]
[web/_17719049_55332.html]
[web/_17716152_57172.html]
[web/_17719050_68384.html]
[web/contactorsandstarters-f36c4c99.html]
[web/_17719051_70245.html]
[web/_17716141_77310.html]
[web/contactorsandstarters-f36c6601.html]
[web/_17719053_71049.html]
[web/_17719055_71829.html]
[web/tesysncontactorsandstarters-f36c7c34.html]
[web/_17719058_55332.html]
[web/_17716145_heading1_2.html]
[web/_17719059_70073.html]
[web/replacementparts-6ccbe6c9.html]
[web/_17719060_67809.html]
[web/_17719063_63886.html]
[web/_17716147_heading1_2.html]
[web/_17719065_63886.html]
[web/_17716013_66028.html]
[web/xb7pushbuttons-373cb87e.html]
[web/_17716015_heading2_2.html]
[web/_17719067_45403.html]
[web/_17716018_heading2_2.html]
[web/_17719074_55332.html]
[web/_17719073_75310.html]
[web/_17719070_10902.html]
[web/_17716023_heading2_2.html]
[web/typekheavydutyspecialtyoperatorscpt_0000051788.html]
[web/_17719077_42419.html]
[web/_17716024_heading2_2.html]
[web/_17716028_62322.html]
[web/_17719078_79905.html]
[web/_17719079_70688.html]
[web/_17716029_63936.html]
[web/_17719083_55332.html]
[web/_17719080_34859.html]
[web/_17719084_88021.html]
[web/_17716030_64803.html]
[web/_17719085_82046.html]
[web/_17719088_55537.html]
[web/_17719089_55332.html]
[web/_17719094_74908.html]
[web/_17719098_99961.html]
[web/_17719102_70132.html]
[web/_17719100_13941.html]
[web/_17719103_46114.html]
[web/_17719104_75343.html]
[web/_17719105_12990.html]
[web/pointofpurchase-6c5aeb82.html]
[web/_17719110_44655.html]
[web/_17719108_63145.html]
[web/xvu60mmdiameter-39e0935d.html]
[web/xvgutowerlights-3bfe115f.html]
[web/_17716031_55852.html]
[web/_17719107_70688.html]
[web/_17719116_78325.html]
[web/_17716044_45096.html]
[web/_17716046_17116.html]
[web/wirelessremotecontrolsystem-3a002c98.html]
[web/_17716048_heading2_2.html]
[web/_17719117_81647.html]
[web/_17719121_80883.html]
[web/_17716050_heading2_2.html]
[web/_17719122_64161.html]
[web/_17719118_70688.html]
[web/_17719124_70688.html]
[web/_17719126_heading2_126.html]
[web/_17719126_heading2_128.html]
[web/_17720003_114428.html]
[web/_17720002_17904.html]
[web/_17720004_24472.html]
[web/_17716051_heading2_2.html]
[web/_17720005_42028.html]
[web/_17716057_heading2_2.html]
[web/_17716059_heading2_2.html]
[web/_17720006_50299.html]
[web/_17720008_89073.html]
[web/_17720007_49688.html]
[web/multipolelightingcontactorstypes-4016184d.html]
[web/_17716061_71274.html]
[web/_17720009_33734.html]
[web/_17720010_109897.html]
[web/vmsensors-04e49362.html]
[web/_17716062_66640.html]
[web/_17716063_69132.html]
[web/mmultrasonicsensors-04e4a8cf.html]
[web/_17716064_66312.html]
[web/_17721002_59884.html]
[web/_17721004_65919.html]
[web/_17721005_63896.html]
[web/_17721006_61529.html]
[web/_17721007_58952.html]
[web/_17721010_59884.html]
[web/_17721008_62204.html]
[web/_17721012_59884.html]
[web/_17716066_heading2_2.html]
[web/_17716070_65172.html]
[web/_17716074_64443.html]
[web/_17721015_60201.html]
[web/_17721014_62598.html]
[web/_17721016_59897.html]
[web/_17716075_63377.html]
[web/_17721017_59884.html]
[web/_17716076_62202.html]
[web/_17721018_48514.html]
[web/_17716077_heading2_2.html]
[web/_17721020_48514.html]
[web/_17721019_54490.html]
[web/_17721022_72099.html]
[web/_17716078_heading2_2.html]
[web/_17716081_62909.html]
[web/_17721023_61026.html]
[web/_17716082_62135.html]
[web/_17721024_32221.html]
[web/_17721026_61864.html]
[web/_17716083_63809.html]
[web/_17716084_70948.html]
[web/_17721027_61926.html]
[web/_17716089_63652.html]
[web/_17721028_60782.html]
[web/_17716092_21265.html]
[web/_17721030_48514.html]
[web/_17721029_60270.html]
[web/_17716093_64025.html]
[web/_17721032_64142.html]
[web/_17716094_66951.html]
[web/_17721034_69328.html]
[web/_17716095_15875.html]
[web/_17721036_59316.html]
[web/_17721035_61751.html]
[web/_17721037_56264.html]
[web/_17716096_89110.html]
[web/_17716101_heading2_2.html]
[web/_17721039_62259.html]
[web/_17722003_69232.html]
[web/_17722004_23638.html]
[web/_17722006_23638.html]
[web/_17722007_63134.html]
[web/_17716103_41987.html]
[web/_17716106_heading2_2.html]
[web/_17722008_80007.html]
[web/_17722012_63134.html]
[web/_17716107_heading2_2.html]
[web/_17722010_60544.html]
[web/_17716108_61925.html]
[web/_17722013_95256.html]
[web/_17716109_heading2_2.html]
[web/_17722014_38157.html]
[web/_17716110_43072.html]
[web/_17722017_62832.html]
[web/_17722016_65156.html]
[web/_17722018_64617.html]
[web/_17716111_15171.html]
[web/_17716112_heading2_2.html]
[web/_17716113_heading2_2.html]
[web/_17722020_63667.html]
[web/_17722019_93199.html]
[web/_17716114_61470.html]
[web/_17722021_85944.html]
[web/_17722022_85576.html]
[web/_17716115_70725.html]
[web/_17722023_16757.html]
[web/_17722024_35486.html]
[web/_17722025_82987.html]
[web/_17722026_27859.html]
[web/_17722027_81817.html]
[web/_17722028_63559.html]
[web/generalpurposerelays-f03b7436.html]
[web/rsb-3a518b01.html]
[web/generalpurposerelays-f03b74362.html]
[web/_17723004_77624.html]
[web/rxm-f0bd8871.html]
[web/rxm-f0bd88712.html]
[web/_17723009_heading2_3.html]
[web/_17723010_80839.html]
[web/_17723015_heading2_3.html]
[web/_17723011_heading2_17.html]
[web/_17723016_76844.html]
[web/_17716116_heading2_2.html]
[web/_17723019_heading2_3.html]
[web/_17717001_heading2_37.html]
[web/_17723021_heading2_3.html]
[web/_17717002_66613.html]
[web/_17723025_heading2_3.html]
[web/_17723025_heading2_32.html]
[web/_17717003_69192.html]
[web/_17723025_heading2_33.html]
[web/_17723022_95105.html]
[web/_17717006_68988.html]
[web/_17723025_heading2_34.html]
[web/_17723030_heading3_1.html]
[web/zeliore48-49c8b6e5.html]
[web/zeliore17-49cd1a2e.html]
[web/_17718026_58496.html]
[web/typereg-3f0061cf.html]
[web/_17723030_heading3_12.html]
[web/_17723031_67370.html]
[web/_17723032_heading2_3.html]
[web/_17718002_72792.html]
[web/_17723033_heading2_3.html]
[web/_17723034_heading2_3.html]
[web/_17723035_heading2_3.html]
[web/_17718003_79390.html]
[web/_17723036_heading2_3.html]
[web/_17718027_60720.html]
[web/_17723037_heading2_3.html]
[web/_17718008_72604.html]
[web/_17723038_heading2_3.html]
[web/_17718011_33004.html]
[web/_17723041_heading2_3.html]
[web/_17718009_66748.html]
[web/_17723042_heading2_3.html]
[web/_17724002_64228.html]
[web/_17718010_80900.html]
[web/_17724003_64228.html]
[web/_17718014_58496.html]
[web/_17724009_67570.html]
[web/_17718015_58496.html]
[web/_17724011_57404.html]
[web/_17718012_13016.html]
[web/_17724013_67576.html]
[web/_17724014_heading2_3.html]
[web/_17718016_28044.html]
[web/_17724015_heading2_3.html]
[web/_17718028_43621.html]
[web/_17718057_heading2_5.html]
[web/_17724017_18994.html]
[web/typegterminalblockaccessories-6590ed19.html]
[web/_17718033_82397.html]
[web/_17718037_58496.html]
[web/typegb2-22b27632.html]
[web/_17718034_58351.html]
[web/_17724019_713482.html]
[web/_17724019_71348.html]
[web/_17724018_99477.html]
[web/_17718035_58351.html]
[web/_17724020_57878.html]
[web/prewiredconnectionsystem-6593c2b2.html]
[web/_17718021_58496.html]
[web/_17724021_96850.html]
[web/_17725003_heading2_2.html]
[web/_17718022_58351.html]
[web/_17725002_32792.html]
[web/_17718023_58496.html]
[web/_17725004_36226.html]
[web/_17725005_63118.html]
[web/_17725006_42197.html]
[web/_17718036_70194.html]
[web/_17718032_53039.html]
[web/_17718018_71442.html]
[web/_17725008_32792.html]
[web/tesysfaccoils-7de8b563.html]
[web/_17726002_77082.html]
[web/_17725007_64924.html]
[web/_17718019_13642.html]
[web/northamericandrivesystems-408937b3.html]
[web/softstartsolutions-234a6e9c.html]
[web/_17726006_heading2_7.html]
[web/enclosedproducts-234afb6d.html]
[web/tesysfdccoils-7de84caf.html]
[web/_17718013_95367.html]
[web/_17726010_heading2_3.html]
[web/_17726008_heading2_3.html]
[web/_17718038_58496.html]
[web/_17726012_heading2_3.html]
[web/altivartm6171options-2353cc5d.html]
[web/altivartmprocess630-4080dddf.html]
[web/_17726016_heading2_7.html]
[web/_17718039_58351.html]
[web/_17718040_58351.html]
[web/_17726017_heading2_3.html]
[web/_17726019_heading2_3.html]
[web/_17726020_68404.html]
[web/_17718041_18103.html]
[web/_17718042_58351.html]
[web/concept-1-573c76ee.html]
[web/concept-1-573c76ee3.html]
[web/_17718044_58496.html]
[web/concept-1-573c76ee4.html]
[web/_17718046_58496.html]
[web/concept-1-573c76ee2.html]
[web/tesysdoverloadrelays-7dff8518.html]
[web/concept-1-573c76ee5.html]
[web/_17718047_58351.html]
[web/concept-1-573c76ee6.html]
[web/concept-1-23dd81ec.html]
[web/concept-1-23dd81ec2.html]
[web/_17718048_70708.html]
[web/_17718049_66390.html]
[web/_17718050_58496.html]
[web/_17718051_58496.html]
[web/_17718052_70542.html]
[web/_17718054_58496.html]
[web/_17719002_1006413.html]
[web/_17728007_72836.html]
[web/_17719004_52271.html]
[web/_17719006_48643.html]
[web/_17719005_58823.html]
[web/xb4-xb5commonoperatorscompletewithcontactblockscpt_0000051349.html]
[web/typekskcommonoperatorscompletewithcontactblockscpt_0000051396.html]
[web/_17728008_58829.html]
[web/_17719010_63676.html]
[web/_17719011_41179.html]
[web/xb6completedevices-0569efcd.html]
[web/_17719015_20326.html]
[web/_17719016_35353.html]
[web/_17719017_89985.html]
[web/_17719018_89996.html]
[web/_17719019_36575.html]
[web/_17719020_32867.html]
[web/concept-1-23dd81ec3.html]
[web/xb6e-33c80036.html]
[web/_17719023_77768.html]
[web/_17719026_89974.html]
[web/_17719028_89996.html]
[web/_17719029_90010.html]
[web/_17719030_90021.html]
[web/_17719031_96001.html]
[web/_17719032_70500.html]
[web/_17719034_55332.html]
[web/_17719037_64066.html]
[web/xb4legendinserts-4cee7d46.html]
[web/_17719039_59821.html]
[web/_17719042_51082.html]
[web/_17719045_77052.html]
[web/_17719048_55332.html]
[web/_17719049_55332.html]
[web/_17719050_68384.html]
[web/_17719051_70245.html]
[web/_17719053_71049.html]
[web/_17719055_71829.html]
[web/_17719058_55332.html]
[web/_17719059_70073.html]
[web/_17719060_67809.html]
[web/_17719063_63886.html]
[web/_17719065_63886.html]
[web/xb7pushbuttons-373cb87e.html]
[web/_17719067_45403.html]
[web/_17719070_10902.html]
[web/_17719073_75310.html]
[web/_17719074_55332.html]
[web/typekheavydutyspecialtyoperatorscpt_0000051788.html]
[web/_17719077_42419.html]
[web/_17719078_79905.html]
[web/_17719079_70688.html]
[web/_17719080_34859.html]
[web/_17719083_55332.html]
[web/_17719084_88021.html]
[web/_17719085_82046.html]
[web/_17719088_55537.html]
[web/_17719089_55332.html]
[web/_17719094_74908.html]
[web/_17719098_99961.html]
[web/_17719100_13941.html]
[web/_17719102_70132.html]
[web/_17719103_46114.html]
[web/_17719104_75343.html]
[web/_17719105_12990.html]
[web/pointofpurchase-6c5aeb82.html]
[web/_17719110_44655.html]
[web/_17719108_63145.html]
[web/xvu60mmdiameter-39e0935d.html]
[web/xvgutowerlights-3bfe115f.html]
[web/_17719107_70688.html]
[web/_17719116_78325.html]
[web/wirelessremotecontrolsystem-3a002c98.html]
[web/_17719117_81647.html]
[web/_17719118_70688.html]
[web/_17719121_80883.html]
[web/_17719122_64161.html]
[web/_17719124_70688.html]
[web/_17719126_heading2_126.html]
[web/_17719126_heading2_128.html]
[web/_17720002_17904.html]
[web/_17720003_114428.html]
[web/_17720004_24472.html]
[web/_17720005_42028.html]
[web/_17720006_50299.html]
[web/_17720007_49688.html]
[web/_17720008_89073.html]
[web/_17720009_33734.html]
[web/_17720010_109897.html]
[web/vmsensors-04e49362.html]
[web/mmultrasonicsensors-04e4a8cf.html]
[web/_17721002_59884.html]
[web/_17721004_65919.html]
[web/_17721005_63896.html]
[web/_17721006_61529.html]
[web/_17721007_58952.html]
[web/_17721008_62204.html]
[web/_17721010_59884.html]
[web/_17721012_59884.html]
[web/_17721014_62598.html]
[web/_17721015_60201.html]
[web/_17721016_59897.html]
[web/_17721017_59884.html]
[web/_17721018_48514.html]
[web/_17721019_54490.html]
[web/_17721020_48514.html]
[web/_17721022_72099.html]
[web/_17721023_61026.html]
[web/_17721024_32221.html]
[web/_17721026_61864.html]
[web/_17721027_61926.html]
[web/_17721028_60782.html]
[web/_17721029_60270.html]
[web/_17721030_48514.html]
[web/_17721032_64142.html]
[web/_17721034_69328.html]
[web/_17721035_61751.html]
[web/_17721036_59316.html]
[web/_17721037_56264.html]
[web/_17721039_62259.html]
[web/_17722003_69232.html]
[web/_17722004_23638.html]
[web/_17722006_23638.html]
[web/_17722007_63134.html]
[web/_17722008_80007.html]
[web/_17722010_60544.html]
[web/_17722012_63134.html]
[web/_17722013_95256.html]
[web/_17722014_38157.html]
[web/_17722016_65156.html]
[web/_17722017_62832.html]
[web/_17722018_64617.html]
[web/_17722019_93199.html]
[web/_17722020_63667.html]
[web/_17722021_85944.html]
[web/_17722022_85576.html]
[web/_17722023_16757.html]
[web/_17722024_35486.html]
[web/_17722025_82987.html]
[web/_17722026_27859.html]
[web/_17722027_81817.html]
[web/_17722028_63559.html]
[web/generalpurposerelays-f03b7436.html]
[web/generalpurposerelays-f03b74362.html]
[web/rsb-3a518b01.html]
[web/_17723004_77624.html]
[web/rxm-f0bd8871.html]
[web/rxm-f0bd88712.html]
[web/_17723009_heading2_3.html]
[web/_17723010_80839.html]
[web/_17723011_heading2_17.html]
[web/_17723015_heading2_3.html]
[web/_17723016_76844.html]
[web/_17723019_heading2_3.html]
[web/_17723021_heading2_3.html]
[web/_17723022_95105.html]
[web/_17723025_heading2_3.html]
[web/_17723025_heading2_32.html]
[web/_17723025_heading2_33.html]
[web/_17723025_heading2_34.html]
[web/_17723030_heading3_1.html]
[web/zeliore48-49c8b6e5.html]
[web/zeliore17-49cd1a2e.html]
[web/_17723030_heading3_12.html]
[web/typereg-3f0061cf.html]
[web/_17723031_67370.html]
[web/_17723032_heading2_3.html]
[web/_17723033_heading2_3.html]
[web/_17723034_heading2_3.html]
[web/_17723035_heading2_3.html]
[web/_17723036_heading2_3.html]
[web/_17723037_heading2_3.html]
[web/_17723038_heading2_3.html]
[web/_17723041_heading2_3.html]
[web/_17723042_heading2_3.html]
[web/_17724002_64228.html]
[web/_17724003_64228.html]
[web/_17724009_67570.html]
[web/_17724011_57404.html]
[web/_17724013_67576.html]
[web/_17724014_heading2_3.html]
[web/_17724015_heading2_3.html]
[web/typegterminalblockaccessories-6590ed19.html]
[web/_17724017_18994.html]
[web/typegb2-22b27632.html]
[web/_17724018_99477.html]
[web/_17724019_71348.html]
[web/_17724019_713482.html]
[web/_17724020_57878.html]
[web/_17724021_96850.html]
[web/prewiredconnectionsystem-6593c2b2.html]
[web/_17725002_32792.html]
[web/_17725003_heading2_2.html]
[web/_17725004_36226.html]
[web/_17725005_63118.html]
[web/_17725006_42197.html]
[web/_17725007_64924.html]
[web/_17725008_32792.html]
[web/_17726002_77082.html]
[web/softstartsolutions-234a6e9c.html]
[web/enclosedproducts-234afb6d.html]
[web/northamericandrivesystems-408937b3.html]
[web/_17726006_heading2_7.html]
[web/_17726008_heading2_3.html]
[web/_17726010_heading2_3.html]
[web/_17726012_heading2_3.html]
[web/altivartm6171options-2353cc5d.html]
[web/altivartmprocess630-4080dddf.html]
[web/_17726016_heading2_7.html]
[web/_17726017_heading2_3.html]
[web/_17726019_heading2_3.html]
[web/_17726020_68404.html]
[web/concept-1-573c76ee.html]
[web/concept-1-573c76ee2.html]
[web/concept-1-573c76ee3.html]
[web/concept-1-573c76ee4.html]
[web/concept-1-573c76ee5.html]
[web/concept-1-573c76ee6.html]
[web/concept-1-23dd81ec.html]
[web/concept-1-23dd81ec2.html]
[web/concept-1-23dd81ec3.html]
[web/_17728007_72836.html]
[web/_17728008_58829.html]
[web/sd17701_main+(bookmap)_0000052176.html]
[web/sd17702_main+(bookmap)_0000052175.html]
[web/sd17703_main+(bookmap)_0000052852.html]
[web/sd17704_main+(bookmap)_0000061045.html]
[web/17701_main+(bookmap)_0000056628.html]
[web/sd17706_main+(bookmap)_0000050846.html]
[web/17702_main+(bookmap)_0000048841.html]
[web/sd17705_main+(bookmap)_0000061881.html]
[web/sd17707_main+(bookmap)_0000052177.html]
[web/sd17708_main+(bookmap)_0000052882.html]
[web/17703_main+(bookmap)_0000060130.html]
[web/17704_main+(bookmap)_0000041932.html]
[web/sd17709_main+(bookmap)_0000052317.html]
[web/17705_main+(bookmap)_0000054913.html]
[web/sd17710_main+(bookmap)_0000060915.html]
[web/17706_main+(bookmap)_0000059343.html]
[web/sd17711_main+(bookmap)_0000054802.html]
[web/17707_main+(bookmap)_0000054602.html]
[web/sd17712_main+(bookmap)_0000065344.html]
[web/17708_main+(bookmap)_0000055153.html]
[web/sd17713_main+(bookmap)_0000061225.html]
[web/17709_main+(bookmap)_0000061751.html]
[web/sd17714_main+(bookmap)_0000055872.html]
[web/sd17715_main+(bookmap)_0000066218.html]
[web/17710_main+(bookmap)_0000060965.html]
[web/17711_main+(bookmap)_0000065704.html]
[web/17712_main+(bookmap)_0000056938.html]
[web/17713_main+(bookmap)_0000055871.html]
[web/17714_main+(bookmap)_0000061044.html]
[web/17715_main+(bookmap)_0000056082.html]
[web/17716_main+(bookmap)_0000062583.html]
[web/17717_main+(bookmap)_0000055870.html]
[web/17718_main+(bookmap)_0000058904.html]
[web/17719_main+(bookmap)_0000052086.html]
[web/17720_main+(bookmap)_0000064574.html]
[web/17721_main+(bookmap)_0000065094.html]
[web/17722_main+(bookmap)_0000062893.html]
[web/17723_main+(bookmap)_0000064354.html]
[web/17724_main+(bookmap)_0000063623.html]
[web/17725_main+(bookmap)_0000056022.html]
[web/17726_main+(bookmap)_0000049666.html]
[web/17727_main+(bookmap)_0000053412.html]
[web/17728_main+(bookmap)_0000064454.html]
[web/sd17701_main+(bookmap)_0000052176.html]
[web/sd17702_main+(bookmap)_0000052175.html]
[web/sd17703_main+(bookmap)_0000052852.html]
[web/sd17704_main+(bookmap)_0000061045.html]
[web/sd17705_main+(bookmap)_0000061881.html]
[web/sd17706_main+(bookmap)_0000050846.html]
[web/sd17707_main+(bookmap)_0000052177.html]
[web/sd17708_main+(bookmap)_0000052882.html]
[web/sd17709_main+(bookmap)_0000052317.html]
[web/sd17710_main+(bookmap)_0000060915.html]
[web/sd17711_main+(bookmap)_0000054802.html]
[web/sd17712_main+(bookmap)_0000065344.html]
[web/sd17713_main+(bookmap)_0000061225.html]
[web/sd17714_main+(bookmap)_0000055872.html]
[web/images/newlogored_sm_0000062088.png]
[web/sd17716_main+(bookmap)_0000066217.html]
[web/sd17715_main+(bookmap)_0000066218.html]
[web/sd17716_main+(bookmap)_0000066217.html]
